[Licensing::Module] Trying to connect to existing licensing client channel...
Built from '6000.4/staging' branch; Version is '6000.4.7f1 (f3c3c4248748) revision 15975364'; Using compiler version '194234433'; Build Type 'Release'
[Licensing::IpcConnector] Successfully connected to: "LicenseClient-User" at "2026-05-26T14:13:55.2452868Z"
OS: 'Windows 11  (10.0.26200) Professional' Language: 'en' Physical Memory: 16307 MB
BatchMode: 1, IsHumanControllingUs: 0, StartBugReporterOnCrash: 0, Is64bit: 1
System  architecture: x64
Process architecture: x64
Date: 2026-05-26T14:13:55Z

COMMAND LINE ARGUMENTS:
C:\Program Files\Unity\Hub\Editor\6000.4.7f1\Editor\Unity.exe
-adb2
-batchMode
-noUpm
-name
AssetImportWorker2
-projectPath
F:/github/Footballgame/Football reall
-logFile
Logs/AssetImportWorker2.log
-srvPort
1848
-licensingIpc
LicenseClient-User
-force-d3d12
-job-worker-count
5
-background-job-worker-count
8
-gc-helper-count
1
-name
AssetImport
Successfully changed project path to: F:/github/Footballgame/Football reall
F:/github/Footballgame/Football reall
[UnityMemory] Configuration Parameters - Can be set up in boot.config
    "memorysetup-temp-allocator-size-gi-baking-worker=262144"
    "memorysetup-temp-allocator-size-gi-baking-worker=262144"
    "memorysetup-temp-allocator-size-gi-baking-worker=262144"
    "memorysetup-temp-allocator-size-gi-baking-worker=262144"
    "memorysetup-temp-allocator-size-gi-baking-worker=262144"
    "memorysetup-temp-allocator-size-nav-mesh-worker=65536"
    "memorysetup-temp-allocator-size-audio-worker=65536"
    "memorysetup-temp-allocator-size-cloud-worker=32768"
    "memorysetup-temp-allocator-size-gfx=262144"
    "memorysetup-temp-allocator-size-preload-manager=33554432"
    "memorysetup-temp-allocator-size-job-worker=262144"
    "memorysetup-temp-allocator-size-background-worker=32768"
    "memorysetup-allocator-temp-initial-block-size-main=262144"
    "memorysetup-allocator-temp-initial-block-size-worker=262144"
    "memorysetup-bucket-allocator-granularity=16"
    "memorysetup-bucket-allocator-bucket-count=8"
    "memorysetup-bucket-allocator-block-size=33554432"
    "memorysetup-bucket-allocator-block-count=8"
    "memorysetup-main-allocator-block-size=16777216"
    "memorysetup-thread-allocator-block-size=16777216"
    "memorysetup-gfx-main-allocator-block-size=16777216"
    "memorysetup-gfx-thread-allocator-block-size=16777216"
    "memorysetup-cache-allocator-block-size=4194304"
    "memorysetup-typetree-allocator-block-size=2097152"
    "memorysetup-profiler-bucket-allocator-granularity=16"
    "memorysetup-profiler-bucket-allocator-bucket-count=8"
    "memorysetup-profiler-bucket-allocator-block-size=33554432"
    "memorysetup-profiler-bucket-allocator-block-count=8"
    "memorysetup-profiler-allocator-block-size=16777216"
    "memorysetup-profiler-editor-allocator-block-size=1048576"
    "memorysetup-temp-allocator-size-main=16777216"
    "memorysetup-job-temp-allocator-block-size=2097152"
    "memorysetup-job-temp-allocator-block-size-background=1048576"
    "memorysetup-job-temp-allocator-reduction-small-platforms=262144"
Player connection [16244]  Target information:

Player connection [16244]  * "[IP] 192.168.0.100 [Port] 0 [Flags] 2 [Guid] 4151398762 [EditorId] 4151398762 [Version] 1048832 [Id] WindowsEditor(7,DESKTOP-TG5EC6K) [Debug] 1 [PackageName] WindowsEditor [ProjectName] Editor" 

Player connection [16244] Host joined multi-casting on [225.0.0.222:54997]...
Player connection [16244] Host joined alternative multi-casting on [225.0.0.222:34997]...
JobSystem: Creating JobQueue using job-worker-count value 5
Input System module state changed to: Initialized.
[Physics::Module] Initialized fallback backend.
[Physics::Module] Id: 0xdecafbad
Library Redirect Path: Library/
[Physics::Module] Selected backend.
[Physics::Module] Name: PhysX
[Physics::Module] Id: 0xf2b8ea05
[Physics::Module] SDK Version: 4.1.2
[Physics::Module] Integration Version: 1.0.0
[Physics::Module] Threading Mode: Multi-Threaded
Refreshing native plugins compatible for Editor in 6.14 ms, found 4 plugins.
Initialize engine version: 6000.4.7f1 (f3c3c4248748)
[Subsystems] Discovering subsystems at path C:/Program Files/Unity/Hub/Editor/6000.4.7f1/Editor/Data/Resources/UnitySubsystems
[Subsystems] Discovering subsystems at path F:/github/Footballgame/Football reall/Assets
Forcing GfxDevice: Direct3D 12
GfxDevice: creating device client; kGfxThreadingModeNonThreaded
d3d12: failed to query info queue interface (0x80004002).
Direct3D:
    Version:         Direct3D 12 [level 12.1]
    Renderer:        NVIDIA GeForce GTX 1660 Ti (ID=0x2182)
    Vendor:          NVIDIA
    VRAM:            5966 MB
    App VRAM Budget: 5198 MB
    Driver:          32.0.15.9186
Initialize mono
Mono path[0] = 'C:/Program Files/Unity/Hub/Editor/6000.4.7f1/Editor/Data/Managed'
Mono path[1] = 'C:/Program Files/Unity/Hub/Editor/6000.4.7f1/Editor/Data/MonoBleedingEdge/lib/mono/unityjit-win32'
Mono config path = 'C:/Program Files/Unity/Hub/Editor/6000.4.7f1/Editor/Data/MonoBleedingEdge/etc'
Using monoOptions --debugger-agent=transport=dt_socket,embedding=1,server=y,suspend=n,address=127.0.0.1:56808
CodeReloadManager initialized
Begin MonoManager ReloadAssembly
Registering precompiled unity dll's ...
Register platform support module: C:/Program Files/Unity/Hub/Editor/6000.4.7f1/Editor/Data/PlaybackEngines/WebGLSupport/UnityEditor.WebGL.Extensions.dll
Register platform support module: C:/Program Files/Unity/Hub/Editor/6000.4.7f1/Editor/Data/PlaybackEngines/WindowsStandaloneSupport/UnityEditor.WindowsStandalone.Extensions.dll
[Licensing::Module] Licensing is not yet initialized.
[Licensing::Client] Error: HandshakeResponse reported an error:
	ResponseCode: 505
	ResponseStatus: Unsupported protocol version '1.18.1'.
[Licensing::Module] Error: Failed to handshake to channel: "LicenseClient-User"
[Licensing::IpcConnector] LicenseClient-User channel disconnected successfully.
[Licensing::IpcConnector] Successfully connected to: "LicenseClient-User-6000.4.7" at "2026-05-26T14:13:57.9208173Z"
[Licensing::Client] Code 10 while verifying Licensing Client signature (process Id: 18240, path: "C:/Program Files/Unity/Hub/Editor/6000.4.7f1/Editor/Data/Resources/Licensing/Client/Unity.Licensing.Client.exe")
[Licensing::Module] LicensingClient has failed validation; ignoring
[Licensing::Client] Handshaking with LicensingClient:
  Version:                 1.18.1+9fbee8e
  Session Id:              51816d6e94c742c19998a9f721161eaf
  Correlation Id:          0fc53571cf861ad42e20d95e63e26807
  External correlation Id: 8942844795622885216
  Machine Id:              KUsL7p9RdJ/pL4aIHSBygNa+o7s=
[Licensing::Module] Successfully connected to LicensingClient on channel: "LicenseClient-User-6000.4.7" (connect: 0.00s, validation: 0.00s, handshake: 0.01s)
[Licensing::IpcConnector] Successfully connected to: "LicenseClient-User-6000.4.7-notifications" at "2026-05-26T14:13:57.9326725Z"
[Licensing::Module] Licensing Background thread has ended after 2.69s
[Licensing::Module] Licensing is initialized (took 0.81s).
[Licensing::Client] Successfully resolved entitlement details
[Licensing::Module] License group:
  Id: 3574417740524-UnityPersXXXX
  Product: Unity Personal
  Type: Assigned
  Expiration: Unlimited
Register platform support module: C:/Program Files/Unity/Hub/Editor/6000.4.7f1/Editor/Data/PlaybackEngines/AndroidPlayer/UnityEditor.Android.Extensions.dll
Register platform support module: C:/Program Files/Unity/Hub/Editor/6000.4.7f1/Editor/Data/PlaybackEngines/LinuxStandaloneSupport/UnityEditor.LinuxStandalone.Extensions.dll
Registered in 0.822959 seconds.
Native extension for LinuxStandalone target not found
Native extension for Android target not found
Native extension for WindowsStandalone target not found
Native extension for WebGL target not found
Package Manager log level set to [2]
[Package Manager] Failed to launch server process. Reason: Unity was launched with the -noUpm command-line argument
[Package Manager] Unable to send message (not connected to server process).
[Package Manager] Cannot connect to Unity Package Manager local server
[Package Manager] Failed to launch server process. Reason: Unity was launched with the -noUpm command-line argument
[Package Manager] Unable to send message (not connected to server process).
[Package Manager] Cannot connect to Unity Package Manager local server
ScheduleIndexationOnStartup MainProcess:False IndexOnStartup:True
Mono: successfully reloaded assembly
- Finished resetting the current domain, in  0.641 seconds
Domain Reload Profiling: 2217ms
	BeginReloadAssembly (241ms)
	RebuildCommonClasses (67ms)
	RebuildNativeTypeToScriptingClass (20ms)
	initialDomainReloadingComplete (936ms)
	LoadAllAssembliesAndSetupDomain (310ms)
		LoadAssemblies (238ms)
		AnalyzeDomain (294ms)
			TypeCache.Refresh (293ms)
				TypeCache.ScanAssembly (267ms)
	FinalizeReload (643ms)
		SetupLoadedEditorAssemblies (0ms)
			InitializePlatformSupportModulesInManaged (131ms)
			BeforeProcessingInitializeOnLoad (145ms)
			ProcessInitializeOnLoadAttributes (173ms)
			ProcessInitializeOnLoadMethodAttributes (84ms)
========================================================================
Worker process is ready to serve import requests
Import Worker Mode flag is 0x00
Begin MonoManager ReloadAssembly
[Licensing::Client] Successfully resolved entitlement details
Assembly Assembly-CSharp-Editor-firstpass.dll at Library/ScriptAssemblies/Assembly-CSharp-Editor-firstpass.dll not valid. Loading of assembly skipped.
Assembly Assembly-CSharp-firstpass.dll at Library/ScriptAssemblies/Assembly-CSharp-firstpass.dll not valid. Loading of assembly skipped.
Assembly DocCodeExamples.dll at Library/ScriptAssemblies/DocCodeExamples.dll not valid. Loading of assembly skipped.
Assembly TestNewCustomAssembly.dll at Library/ScriptAssemblies/TestNewCustomAssembly.dll not valid. Loading of assembly skipped.
Assembly Unity.Collections.BurstCompatibilityGen.dll at Library/ScriptAssemblies/Unity.Collections.BurstCompatibilityGen.dll not valid. Loading of assembly skipped.
Assembly Unity.Collections.DocCodeSamples.dll at Library/ScriptAssemblies/Unity.Collections.DocCodeSamples.dll not valid. Loading of assembly skipped.
Assembly Unity.Collections.PerformanceTests.dll at Library/ScriptAssemblies/Unity.Collections.PerformanceTests.dll not valid. Loading of assembly skipped.
Assembly Unity.Collections.Tests.dll at Library/ScriptAssemblies/Unity.Collections.Tests.dll not valid. Loading of assembly skipped.
Assembly Unity.Collections.Tests.Playmode.dll at Library/ScriptAssemblies/Unity.Collections.Tests.Playmode.dll not valid. Loading of assembly skipped.
Assembly Unity.InputSystem.IntegrationTests.dll at Library/ScriptAssemblies/Unity.InputSystem.IntegrationTests.dll not valid. Loading of assembly skipped.
Assembly Unity.Mathematics.Tests.dll at Library/ScriptAssemblies/Unity.Mathematics.Tests.dll not valid. Loading of assembly skipped.
Assembly Unity.Multiplayer.Center.Editor.Tests.dll at Library/ScriptAssemblies/Unity.Multiplayer.Center.Editor.Tests.dll not valid. Loading of assembly skipped.
Assembly Unity.Multiplayer.Center.Tests.dll at Library/ScriptAssemblies/Unity.Multiplayer.Center.Tests.dll not valid. Loading of assembly skipped.
Assembly Unity.Nuget.Mono-Cecil.dll at Library/ScriptAssemblies/Unity.Nuget.Mono-Cecil.dll not valid. Loading of assembly skipped.
Assembly Unity.PathTracing.Editor.Tests.dll at Library/ScriptAssemblies/Unity.PathTracing.Editor.Tests.dll not valid. Loading of assembly skipped.
Assembly Unity.PathTracing.Runtime.Tests.dll at Library/ScriptAssemblies/Unity.PathTracing.Runtime.Tests.dll not valid. Loading of assembly skipped.
Assembly Unity.RenderPipelines.Core.Editor.Tests.dll at Library/ScriptAssemblies/Unity.RenderPipelines.Core.Editor.Tests.dll not valid. Loading of assembly skipped.
Assembly Unity.RenderPipelines.Core.Runtime.Tests.dll at Library/ScriptAssemblies/Unity.RenderPipelines.Core.Runtime.Tests.dll not valid. Loading of assembly skipped.
Assembly Unity.RenderPipelines.Universal.Config.Editor.Tests.dll at Library/ScriptAssemblies/Unity.RenderPipelines.Universal.Config.Editor.Tests.dll not valid. Loading of assembly skipped.
Assembly Unity.RenderPipelines.Universal.Editor.Tests.dll at Library/ScriptAssemblies/Unity.RenderPipelines.Universal.Editor.Tests.dll not valid. Loading of assembly skipped.
Assembly Unity.RenderPipelines.Universal.Runtime.Tests.dll at Library/ScriptAssemblies/Unity.RenderPipelines.Universal.Runtime.Tests.dll not valid. Loading of assembly skipped.
Assembly Unity.Searcher.EditorTests.dll at Library/ScriptAssemblies/Unity.Searcher.EditorTests.dll not valid. Loading of assembly skipped.
Assembly Unity.ShaderGraph.Editor.Tests.dll at Library/ScriptAssemblies/Unity.ShaderGraph.Editor.Tests.dll not valid. Loading of assembly skipped.
Assembly Unity.TextMeshPro.Editor.Tests.dll at Library/ScriptAssemblies/Unity.TextMeshPro.Editor.Tests.dll not valid. Loading of assembly skipped.
Assembly Unity.TextMeshPro.Tests.dll at Library/ScriptAssemblies/Unity.TextMeshPro.Tests.dll not valid. Loading of assembly skipped.
Assembly Unity.UnifiedRayTracing.Editor.Tests.dll at Library/ScriptAssemblies/Unity.UnifiedRayTracing.Editor.Tests.dll not valid. Loading of assembly skipped.
Assembly UnityEditor.UI.Common.Tests.dll at Library/ScriptAssemblies/UnityEditor.UI.Common.Tests.dll not valid. Loading of assembly skipped.
Assembly UnityEditor.UI.EditorTests.dll at Library/ScriptAssemblies/UnityEditor.UI.EditorTests.dll not valid. Loading of assembly skipped.
Assembly UnityEngine.UI.Tests.dll at Library/ScriptAssemblies/UnityEngine.UI.Tests.dll not valid. Loading of assembly skipped.
Native extension for LinuxStandalone target not found
Native extension for Android target not found
Native extension for WindowsStandalone target not found
Native extension for WebGL target not found
[Package Manager] Failed to launch server process. Reason: Unity was launched with the -noUpm command-line argument
[Package Manager] Unable to send message (not connected to server process).
[Package Manager] Cannot connect to Unity Package Manager local server
[Package Manager] Failed to launch server process. Reason: Unity was launched with the -noUpm command-line argument
[Package Manager] Unable to send message (not connected to server process).
[Package Manager] Cannot connect to Unity Package Manager local server
ScheduleIndexationOnStartup MainProcess:False IndexOnStartup:True
Mono: successfully reloaded assembly
- Finished resetting the current domain, in  1.082 seconds
Domain Reload Profiling: 2547ms
	BeginReloadAssembly (329ms)
		DisableScriptedObjects (10ms)
		CreateAndSetChildDomain (72ms)
	RebuildCommonClasses (74ms)
	RebuildNativeTypeToScriptingClass (20ms)
	initialDomainReloadingComplete (121ms)
	LoadAllAssembliesAndSetupDomain (920ms)
		LoadAssemblies (676ms)
		AnalyzeDomain (418ms)
			TypeCache.Refresh (302ms)
				TypeCache.ScanAssembly (260ms)
			BuildScriptInfoCaches (97ms)
			ResolveRequiredComponents (16ms)
	FinalizeReload (1082ms)
		SetupLoadedEditorAssemblies (0ms)
			InitializePlatformSupportModulesInManaged (25ms)
			BeforeProcessingInitializeOnLoad (210ms)
			ProcessInitializeOnLoadAttributes (420ms)
			ProcessInitializeOnLoadMethodAttributes (100ms)
			AfterProcessingInitializeOnLoad (11ms)
		AwakeInstancesAfterBackupRestoration (9ms)
Launched and connected shader compiler UnityShaderCompiler.exe after 0.02 seconds
Unloading 24 Unused Serialized files (Serialized files now loaded: 0)
Unloading 6585 unused Assets / (5.9 MB). Loaded Objects now: 7425.
Memory consumption went from 155.7 MB to 149.9 MB.
Total: 22.291500 ms (FindLiveObjects: 2.103200 ms CreateObjectMapping: 2.692000 ms MarkObjects: 10.191300 ms  DeleteObjects: 7.300300 ms)

========================================================================
Received Import Request.
  Time since last request: 459.511726 seconds.
  path: Assets/Cristiano Ronaldo Al Nassr@Breathing Idle.fbx
  importAddress: Guid(ba85ebe490acad34d9c33f05f171ed74) Importer(815301076,1909f56bfc062723c751e8b465ee728b)
Start importing Assets/Cristiano Ronaldo Al Nassr@Breathing Idle.fbx using Guid(ba85ebe490acad34d9c33f05f171ed74) Importer(815301076,1909f56bfc062723c751e8b465ee728b) (PreviewImporter) -> (Import Result ID: '19aa45f4450ab2f1cf822fde49196c2a') in 0.8354052 seconds [static and dynamic dependencies]. Details - ImportResultOutputID=ade1cb2322611dc963d1cf298c2b2496 DependenciesID=f641487bdf8d59fc077015385c330373 StaticDependenciesID=5eac1712c6438f1379b88d6e4978f207 
Number of updated asset objects reloaded before import = 0Number of asset objects unloaded after import = 118

========================================================================
Received Import Request.
  Time since last request: 0.000050 seconds.
  path: Assets/Eden Arena.fbx
  importAddress: Guid(0feec5d53132a7d43b4c4d6e95f7dad7) Importer(815301076,1909f56bfc062723c751e8b465ee728b)
Start importing Assets/Eden Arena.fbx using Guid(0feec5d53132a7d43b4c4d6e95f7dad7) Importer(815301076,1909f56bfc062723c751e8b465ee728b) (PreviewImporter) -> (Import Result ID: '3832a1d132f1982b59e32cd9c6bbbb5d') in 4.9559211 seconds [static and dynamic dependencies]. Details - ImportResultOutputID=73d257f780b5e052442c2ace30b4f8cb DependenciesID=aebeb5f9cb494d6731da399c9e73114f StaticDependenciesID=7b5798c572b25f0bb6ec01a1e3aa5f41 
Number of updated asset objects reloaded before import = 0Number of asset objects unloaded after import = 8

========================================================================
Received Import Request.
  Time since last request: 0.000063 seconds.
  path: Assets/TextMesh Pro/Fonts/LiberationSans.ttf
  importAddress: Guid(e3265ab4bf004d28a9537516768c1c75) Importer(2089858483,b0f066a214c2f5e87bad3c948f4d605d)
Start importing Assets/TextMesh Pro/Fonts/LiberationSans.ttf using Guid(e3265ab4bf004d28a9537516768c1c75) Importer(2089858483,b0f066a214c2f5e87bad3c948f4d605d) (ScriptedImporter) -> (Import Result ID: '6dd542e34ee3cfd8cb203be2a881a453') in 0.098138 seconds [static and dynamic dependencies]. Details - ImportResultOutputID=2a512407237ee7203cbc963835950510 DependenciesID=035077e396e9afcd1945c31a24a3728b StaticDependenciesID=8d7b10ba804405d2fb9a467f6d8c5b4f 
Number of updated asset objects reloaded before import = 0Number of asset objects unloaded after import = 3

========================================================================
Received Import Request.
  Time since last request: 0.000056 seconds.
  path: Assets/Joystick Pack/Prefabs/Variable Joystick.prefab
  importAddress: Guid(ec536a7718376554185e4a856d5ae230) Importer(2089858483,b0f066a214c2f5e87bad3c948f4d605d)
Start importing Assets/Joystick Pack/Prefabs/Variable Joystick.prefab using Guid(ec536a7718376554185e4a856d5ae230) Importer(2089858483,b0f066a214c2f5e87bad3c948f4d605d) (ScriptedImporter) -> (Import Result ID: 'bc7229d1d955d4e0fe434d015793d33f') in 0.061105 seconds [static and dynamic dependencies]. Details - ImportResultOutputID=93599369565669603d24fbe8eed3fc9e DependenciesID=7686fe41b2395a8ce9a2977723454ef0 StaticDependenciesID=073b701fc946d765396c2ecac46487db 
Number of updated asset objects reloaded before import = 0Number of asset objects unloaded after import = 17

========================================================================
Received Import Request.
  Time since last request: 0.000042 seconds.
  path: Assets/Scenes/SampleScene.unity
  importAddress: Guid(99c9720ab356a0642a771bea13969a05) Importer(815301076,1909f56bfc062723c751e8b465ee728b)
Start importing Assets/Scenes/SampleScene.unity using Guid(99c9720ab356a0642a771bea13969a05) Importer(815301076,1909f56bfc062723c751e8b465ee728b) (PreviewImporter) -> (Import Result ID: '642a27b4f9aa96a022ab5d19e985577c') in 0.0007247 seconds [static and dynamic dependencies]. Details - ImportResultOutputID=f3af80aa444126da7ef9e80fc4827f87 DependenciesID=5f49123c17afdd71b40b4f518ca07dfe StaticDependenciesID=f4028c4c2ca380f9b7d23e0d2393e3ef 
Number of updated asset objects reloaded before import = 0Number of asset objects unloaded after import = 0

========================================================================
Received Import Request.
  Time since last request: 0.000066 seconds.
  path: Assets/Scenes/SampleScene.unity
  importAddress: Guid(99c9720ab356a0642a771bea13969a05) Importer(2089858483,b0f066a214c2f5e87bad3c948f4d605d)
Start importing Assets/Scenes/SampleScene.unity using Guid(99c9720ab356a0642a771bea13969a05) Importer(2089858483,b0f066a214c2f5e87bad3c948f4d605d) (ScriptedImporter) -> (Import Result ID: '823ed66070fd1261ce5fd4e2c621b4ee') in 0.0183479 seconds [static and dynamic dependencies]. Details - ImportResultOutputID=513e86ea20ae735e6ac14720b5b7b8d0 DependenciesID=6de85ae612ee9a8052af38f1e39e0b25 StaticDependenciesID=e75a38727b221299c27e4da8035cad93 
Number of updated asset objects reloaded before import = 0Number of asset objects unloaded after import = 1

========================================================================
Received Import Request.
  Time since last request: 0.000030 seconds.
  path: Assets/textures c/Materials/texture_4.mat
  importAddress: Guid(714707097435ec0438e496ac2f0bc7e7) Importer(2089858483,b0f066a214c2f5e87bad3c948f4d605d)
Start importing Assets/textures c/Materials/texture_4.mat using Guid(714707097435ec0438e496ac2f0bc7e7) Importer(2089858483,b0f066a214c2f5e87bad3c948f4d605d) (ScriptedImporter) -> (Import Result ID: '8798de4b32d14db730f253798aeccd25') in 0.016032 seconds [static and dynamic dependencies]. Details - ImportResultOutputID=92cc1aeb5105e36fec7700f93b75149f DependenciesID=69478bd3dec84bfbf30f13016fae8e96 StaticDependenciesID=b670be49d189be768fa03e419efafa6c 
Number of updated asset objects reloaded before import = 0Number of asset objects unloaded after import = 2

========================================================================
Received Import Request.
  Time since last request: 0.000030 seconds.
  path: Assets/Joystick Pack/Sprites/Handles/Handle_Plain_Arrows.png
  importAddress: Guid(f353d42d1db27ff42b78b28efd86b316) Importer(2089858483,b0f066a214c2f5e87bad3c948f4d605d)
Start importing Assets/Joystick Pack/Sprites/Handles/Handle_Plain_Arrows.png using Guid(f353d42d1db27ff42b78b28efd86b316) Importer(2089858483,b0f066a214c2f5e87bad3c948f4d605d) (ScriptedImporter) -> (Import Result ID: 'df0fe9a2447ad922bbf861c0f6cbb82c') in 0.0434481 seconds [static and dynamic dependencies]. Details - ImportResultOutputID=6df33ceda070de532dbb0b79fad4a47f DependenciesID=0e32d2cdc990ec6e9f9744218865bb0b StaticDependenciesID=7b85d7b6b03533b5e0f53b06bb1a1081 
Number of updated asset objects reloaded before import = 0Number of asset objects unloaded after import = 3

========================================================================
Received Import Request.
  Time since last request: 0.000035 seconds.
  path: Assets/textures c/Materials/texture_9.mat
  importAddress: Guid(169a3c56bfbc9dc429d0ff2a2a141de7) Importer(2089858483,b0f066a214c2f5e87bad3c948f4d605d)
Start importing Assets/textures c/Materials/texture_9.mat using Guid(169a3c56bfbc9dc429d0ff2a2a141de7) Importer(2089858483,b0f066a214c2f5e87bad3c948f4d605d) (ScriptedImporter) -> (Import Result ID: 'e63619ae2a3a6cdfe6ea79b8e25579f8') in 0.0568578 seconds [static and dynamic dependencies]. Details - ImportResultOutputID=72ce3815a24fb9f75df956efc7ae0c7d DependenciesID=334b887b639480adc5157ab3b45e3817 StaticDependenciesID=e0303d172cb7f69fab51bf3d4e63e643 
Number of updated asset objects reloaded before import = 0Number of asset objects unloaded after import = 2

========================================================================
Received Import Request.
  Time since last request: 0.000077 seconds.
  path: Assets/TextMesh Pro/Shaders/TMP_Bitmap-Custom-Atlas.shader
  importAddress: Guid(48bb5f55d8670e349b6e614913f9d910) Importer(2089858483,b0f066a214c2f5e87bad3c948f4d605d)
Start importing Assets/TextMesh Pro/Shaders/TMP_Bitmap-Custom-Atlas.shader using Guid(48bb5f55d8670e349b6e614913f9d910) Importer(2089858483,b0f066a214c2f5e87bad3c948f4d605d) (ScriptedImporter) -> (Import Result ID: '3c7209685aa799f579ef3b1f43523ebb') in 0.0348564 seconds [static and dynamic dependencies]. Details - ImportResultOutputID=dcb8dcc31bc1e966e82b3442f8300c51 DependenciesID=ea59754a9a55508de2a44606447bd077 StaticDependenciesID=97e2617c6e2d061a39156ef7584ef903 
Number of updated asset objects reloaded before import = 0Number of asset objects unloaded after import = 1

========================================================================
Received Import Request.
  Time since last request: 0.000196 seconds.
  path: Assets/Joystick Pack/Prefabs/Dynamic Joystick.prefab
  importAddress: Guid(56fae09712773584fb63896d473a98ee) Importer(2089858483,b0f066a214c2f5e87bad3c948f4d605d)
Start importing Assets/Joystick Pack/Prefabs/Dynamic Joystick.prefab using Guid(56fae09712773584fb63896d473a98ee) Importer(2089858483,b0f066a214c2f5e87bad3c948f4d605d) (ScriptedImporter) -> (Import Result ID: 'add9d7315edc29019bd9ff4605c4e736') in 0.0401655 seconds [static and dynamic dependencies]. Details - ImportResultOutputID=bf4043ab70cb31ee08b84528f587272f DependenciesID=3c45b970a276e1dfe23d1451b8226bba StaticDependenciesID=bfe80598a1bcdd4afe2789d33a68448d 
Number of updated asset objects reloaded before import = 0Number of asset objects unloaded after import = 17

========================================================================
Received Import Request.
  Time since last request: 0.000052 seconds.
  path: Assets/SkyMaterial.mat
  importAddress: Guid(29b654c54a3602047b376996fbe8b2b4) Importer(2089858483,b0f066a214c2f5e87bad3c948f4d605d)
Start importing Assets/SkyMaterial.mat using Guid(29b654c54a3602047b376996fbe8b2b4) Importer(2089858483,b0f066a214c2f5e87bad3c948f4d605d) (ScriptedImporter) -> (Import Result ID: '6e398d04f1c9f6ca684017880b2a89c2') in 0.0377026 seconds [static and dynamic dependencies]. Details - ImportResultOutputID=3882eefe92c7157067aec92171b1bdcb DependenciesID=adc3cd48e163d39f756baa563f74fbb2 StaticDependenciesID=e85659a1162738406402e21b30480a1d 
Number of updated asset objects reloaded before import = 0Number of asset objects unloaded after import = 2

========================================================================
Received Import Request.
  Time since last request: 0.000239 seconds.
  path: Assets/Joystick Pack/Sprites/Vertical Backgrounds/Vertical_Ridged_Arrows.png
  importAddress: Guid(9332cf0d233636a40a024382720294a3) Importer(2089858483,b0f066a214c2f5e87bad3c948f4d605d)
Start importing Assets/Joystick Pack/Sprites/Vertical Backgrounds/Vertical_Ridged_Arrows.png using Guid(9332cf0d233636a40a024382720294a3) Importer(2089858483,b0f066a214c2f5e87bad3c948f4d605d) (ScriptedImporter) -> (Import Result ID: '44641b47f47ffc95e15910c92035510a') in 0.0379765 seconds [static and dynamic dependencies]. Details - ImportResultOutputID=b5d074f865f361821a3ba61e98976edd DependenciesID=65ff3d9345d427dfbcecb659f9b675ae StaticDependenciesID=b5f628b29f883788da360cc0bc29d13a 
Number of updated asset objects reloaded before import = 0Number of asset objects unloaded after import = 3

========================================================================
Received Import Request.
  Time since last request: 0.000123 seconds.
  path: Assets/Joystick Pack/Sprites/Vertical Backgrounds/Vertical_Outline.png
  importAddress: Guid(f054197ef28924b4986cbd91de2ab054) Importer(2089858483,b0f066a214c2f5e87bad3c948f4d605d)
Start importing Assets/Joystick Pack/Sprites/Vertical Backgrounds/Vertical_Outline.png using Guid(f054197ef28924b4986cbd91de2ab054) Importer(2089858483,b0f066a214c2f5e87bad3c948f4d605d) (ScriptedImporter) -> (Import Result ID: '4ac39886961f20cf447885b3d6da6a83') in 0.0298765 seconds [static and dynamic dependencies]. Details - ImportResultOutputID=d6106f7d44296c41d221784f3cfd4373 DependenciesID=a150eb927a9619631c58c435063cb983 StaticDependenciesID=03727bf52ac33a5917fcef6991121375 
Number of updated asset objects reloaded before import = 0Number of asset objects unloaded after import = 3

========================================================================
Received Import Request.
  Time since last request: 0.000049 seconds.
  path: Assets/textures c/texture_10.png
  importAddress: Guid(11c1ee6adf9d49a48a8bf2805dcef0ba) Importer(2089858483,b0f066a214c2f5e87bad3c948f4d605d)
Start importing Assets/textures c/texture_10.png using Guid(11c1ee6adf9d49a48a8bf2805dcef0ba) Importer(2089858483,b0f066a214c2f5e87bad3c948f4d605d) (ScriptedImporter) -> (Import Result ID: '7d2f60800155b9e69f945c5d499700a1') in 0.0271876 seconds [static and dynamic dependencies]. Details - ImportResultOutputID=c8ba1aa0fc32927c7cf0699b02607943 DependenciesID=0356267f13f8512393496331e9dd1df0 StaticDependenciesID=814e0d838f97a878abca363a87ec7242 
Number of updated asset objects reloaded before import = 0Number of asset objects unloaded after import = 1

========================================================================
Received Import Request.
  Time since last request: 0.000054 seconds.
  path: Assets/TextMesh Pro/Shaders/TMPro_Mobile.cginc
  importAddress: Guid(c334973cef89a9840b0b0c507e0377ab) Importer(2089858483,b0f066a214c2f5e87bad3c948f4d605d)
Start importing Assets/TextMesh Pro/Shaders/TMPro_Mobile.cginc using Guid(c334973cef89a9840b0b0c507e0377ab) Importer(2089858483,b0f066a214c2f5e87bad3c948f4d605d) (ScriptedImporter) -> (Import Result ID: '7bdcee2e6a2701c7e9e0370abc7bd444') in 0.0202744 seconds [static and dynamic dependencies]. Details - ImportResultOutputID=d04b3aa27a219c6df4c789a722afa825 DependenciesID=4fa22ae5160e3f9bb3b5046934542524 StaticDependenciesID=3c52ead75c0407d07f24c091d109dded 
Number of updated asset objects reloaded before import = 0Number of asset objects unloaded after import = 1

========================================================================
Received Import Request.
  Time since last request: 0.000059 seconds.
  path: Assets/Cristiano Ronaldo Al Nassr@Running.fbx
  importAddress: Guid(0d482ce3b1ff6b04a8736b9f4f7b20ae) Importer(2089858483,b0f066a214c2f5e87bad3c948f4d605d)
Start importing Assets/Cristiano Ronaldo Al Nassr@Running.fbx using Guid(0d482ce3b1ff6b04a8736b9f4f7b20ae) Importer(2089858483,b0f066a214c2f5e87bad3c948f4d605d) (ScriptedImporter) -> (Import Result ID: '35c42aebe4180e4748078e6dc259a197') in 0.0517453 seconds [static and dynamic dependencies]. Details - ImportResultOutputID=63e9a117da7e51dd4143e184cc3f05c7 DependenciesID=436defc18811f0b52936315705f283bd StaticDependenciesID=228afb26e66af62d105790773f01091a 
Number of updated asset objects reloaded before import = 0Number of asset objects unloaded after import = 119

========================================================================
Received Import Request.
  Time since last request: 0.000079 seconds.
  path: Assets/TextMesh Pro/Examples & Extras/Fonts/Unity - OFL.txt
  importAddress: Guid(0251f66ebc602a944b35bccd13be2738) Importer(2089858483,b0f066a214c2f5e87bad3c948f4d605d)
Start importing Assets/TextMesh Pro/Examples & Extras/Fonts/Unity - OFL.txt using Guid(0251f66ebc602a944b35bccd13be2738) Importer(2089858483,b0f066a214c2f5e87bad3c948f4d605d) (ScriptedImporter) -> (Import Result ID: 'fbba958fc434032c24df5dde81ec328b') in 0.0175377 seconds [static and dynamic dependencies]. Details - ImportResultOutputID=383d84494d844388120b9f8b3111b44b DependenciesID=2b688fefd990900f7d5e3d17b14a1c4c StaticDependenciesID=76c9f4c417f56529eff0718a6c3bfe10 
Number of updated asset objects reloaded before import = 0Number of asset objects unloaded after import = 1

========================================================================
Received Import Request.
  Time since last request: 0.000078 seconds.
  path: Assets/TextMesh Pro/Examples & Extras/Fonts/Roboto-Bold - License.txt
  importAddress: Guid(f0303f887b8fa7243a51432c478ff2f3) Importer(2089858483,b0f066a214c2f5e87bad3c948f4d605d)
Start importing Assets/TextMesh Pro/Examples & Extras/Fonts/Roboto-Bold - License.txt using Guid(f0303f887b8fa7243a51432c478ff2f3) Importer(2089858483,b0f066a214c2f5e87bad3c948f4d605d) (ScriptedImporter) -> (Import Result ID: '6ee26beb52634a20cbb77c0942263eca') in 0.0172324 seconds [static and dynamic dependencies]. Details - ImportResultOutputID=7262d222e2c30123cf98539345cf08e2 DependenciesID=af8f6b45e43b3daa4dbbcb0e207b8df0 StaticDependenciesID=59ccab25f0b2d873e8f29ee6134e53ed 
Number of updated asset objects reloaded before import = 0Number of asset objects unloaded after import = 1

========================================================================
Received Import Request.
  Time since last request: 0.000056 seconds.
  path: Assets/TextMesh Pro/Examples & Extras/Fonts/Roboto-Bold.ttf
  importAddress: Guid(4beb055f07aaff244873dec698d0363e) Importer(2089858483,b0f066a214c2f5e87bad3c948f4d605d)
Start importing Assets/TextMesh Pro/Examples & Extras/Fonts/Roboto-Bold.ttf using Guid(4beb055f07aaff244873dec698d0363e) Importer(2089858483,b0f066a214c2f5e87bad3c948f4d605d) (ScriptedImporter) -> (Import Result ID: 'b14b655acbffe31ddfd26b2ba6959d08') in 0.0285948 seconds [static and dynamic dependencies]. Details - ImportResultOutputID=f1c214b2b7d7eef6704d785dcd0c9375 DependenciesID=17bc2134789da11c22b77d711cf1afcd StaticDependenciesID=b00eb83aad946eea5d3187f5705ba5c9 
Number of updated asset objects reloaded before import = 0Number of asset objects unloaded after import = 3

========================================================================
Received Import Request.
  Time since last request: 0.000046 seconds.
  path: Assets/textures c/Materials/texture_10.mat
  importAddress: Guid(27065bfc678967b4b8d38f93d53d20cc) Importer(2089858483,b0f066a214c2f5e87bad3c948f4d605d)
Start importing Assets/textures c/Materials/texture_10.mat using Guid(27065bfc678967b4b8d38f93d53d20cc) Importer(2089858483,b0f066a214c2f5e87bad3c948f4d605d) (ScriptedImporter) -> (Import Result ID: '7e71b2fac6d40f61d8124c71ab627c12') in 0.0223305 seconds [static and dynamic dependencies]. Details - ImportResultOutputID=0b5c3e706a4d556b51adf6f86f8b7c60 DependenciesID=4876a7113bd378407370c82e071d4c1f StaticDependenciesID=de3059d013c603398c170c87c63d4f71 
Number of updated asset objects reloaded before import = 0Number of asset objects unloaded after import = 2

========================================================================
Received Import Request.
  Time since last request: 0.000077 seconds.
  path: Assets/Settings/SampleSceneProfile.asset
  importAddress: Guid(10fc4df2da32a41aaa32d77bc913491c) Importer(2089858483,b0f066a214c2f5e87bad3c948f4d605d)
Start importing Assets/Settings/SampleSceneProfile.asset using Guid(10fc4df2da32a41aaa32d77bc913491c) Importer(2089858483,b0f066a214c2f5e87bad3c948f4d605d) (ScriptedImporter) -> (Import Result ID: '1931bfca563a32c258404c5a3f78c4de') in 0.0242615 seconds [static and dynamic dependencies]. Details - ImportResultOutputID=723d1a907b6804b05f7a98dee4df37c2 DependenciesID=0e70338bbed36b9ded0ba16b5015ea39 StaticDependenciesID=86e3ab624df47bc93621d2a05b042c79 
Number of updated asset objects reloaded before import = 0Number of asset objects unloaded after import = 1

========================================================================
Received Import Request.
  Time since last request: 0.000119 seconds.
  path: Assets/Joystick Pack/Sprites/Horizontal Backgrounds/Horizontal_Outline_Arrows.png
  importAddress: Guid(7927b9032dc11e841af3f9a1353d7ecd) Importer(2089858483,b0f066a214c2f5e87bad3c948f4d605d)
Start importing Assets/Joystick Pack/Sprites/Horizontal Backgrounds/Horizontal_Outline_Arrows.png using Guid(7927b9032dc11e841af3f9a1353d7ecd) Importer(2089858483,b0f066a214c2f5e87bad3c948f4d605d) (ScriptedImporter) -> (Import Result ID: '684f1609f042f94f0dc88e835907e8ca') in 0.0267843 seconds [static and dynamic dependencies]. Details - ImportResultOutputID=f2941de4d84035e517b2afaf98d1b026 DependenciesID=5eeaf7fcde157020ee814aa30ce3fe7c StaticDependenciesID=9db9c51fcd41b6a29248addf56d8b9f1 
Number of updated asset objects reloaded before import = 0Number of asset objects unloaded after import = 3

========================================================================
Received Import Request.
  Time since last request: 0.000043 seconds.
  path: Assets/Joystick Pack/Sprites/Handles/Handle_Outline_Arrows.png
  importAddress: Guid(5eda94a9dcf71e445ad17e3c065d1460) Importer(2089858483,b0f066a214c2f5e87bad3c948f4d605d)
Start importing Assets/Joystick Pack/Sprites/Handles/Handle_Outline_Arrows.png using Guid(5eda94a9dcf71e445ad17e3c065d1460) Importer(2089858483,b0f066a214c2f5e87bad3c948f4d605d) (ScriptedImporter) -> (Import Result ID: '445338b3594e4b07b00afe2c22c3f3ba') in 0.0218673 seconds [static and dynamic dependencies]. Details - ImportResultOutputID=a058f3e66f5df44bb24c2cdaebee18fe DependenciesID=269475c1b8c525c8c9db93efb36c2a8c StaticDependenciesID=28a59e31c9e6c44db2e903d4eff5fa25 
Number of updated asset objects reloaded before import = 0Number of asset objects unloaded after import = 3

========================================================================
Received Import Request.
  Time since last request: 0.000064 seconds.
  path: Assets/TextMesh Pro/Examples & Extras/Prefabs/TextMeshPro - Prefab 1.prefab
  importAddress: Guid(a6e39ced0ea046bcb636c3f0b2e2a745) Importer(2089858483,b0f066a214c2f5e87bad3c948f4d605d)
Start importing Assets/TextMesh Pro/Examples & Extras/Prefabs/TextMeshPro - Prefab 1.prefab using Guid(a6e39ced0ea046bcb636c3f0b2e2a745) Importer(2089858483,b0f066a214c2f5e87bad3c948f4d605d) (ScriptedImporter) -> (Import Result ID: 'd3108cbc87d5eba2575ff7fa82e3de24') in 0.1498429 seconds [static and dynamic dependencies]. Details - ImportResultOutputID=5fb9ea5bfb0417f3668755f06a304a2a DependenciesID=ef2a5f9a4f875148b8668f95b48c0b13 StaticDependenciesID=02734367dba71f983038d6ff39683de7 
Number of updated asset objects reloaded before import = 0Number of asset objects unloaded after import = 16

========================================================================
Received Import Request.
  Time since last request: 0.000092 seconds.
  path: Assets/TextMesh Pro/Examples & Extras/Materials/Small Crate_diffuse.mat
  importAddress: Guid(22262639920f43d6be32430e4e58350d) Importer(2089858483,b0f066a214c2f5e87bad3c948f4d605d)
Start importing Assets/TextMesh Pro/Examples & Extras/Materials/Small Crate_diffuse.mat using Guid(22262639920f43d6be32430e4e58350d) Importer(2089858483,b0f066a214c2f5e87bad3c948f4d605d) (ScriptedImporter) -> (Import Result ID: 'c8d5e14f72d1b28bc518485e697132cd') in 0.0268656 seconds [static and dynamic dependencies]. Details - ImportResultOutputID=b038db842ed4dc3e883c42fd901d69a2 DependenciesID=eb8c97b52b3d01c018b1be6345bfd8cd StaticDependenciesID=e95f4588c35290100bf06756032d8099 
Number of updated asset objects reloaded before import = 0Number of asset objects unloaded after import = 3

========================================================================
Received Import Request.
  Time since last request: 0.000074 seconds.
  path: Assets/TextMesh Pro/Examples & Extras/Prefabs/TextMeshPro - Prefab 2.prefab
  importAddress: Guid(fdad9d952ae84cafb74c63f2e694d042) Importer(2089858483,b0f066a214c2f5e87bad3c948f4d605d)
Start importing Assets/TextMesh Pro/Examples & Extras/Prefabs/TextMeshPro - Prefab 2.prefab using Guid(fdad9d952ae84cafb74c63f2e694d042) Importer(2089858483,b0f066a214c2f5e87bad3c948f4d605d) (ScriptedImporter) -> (Import Result ID: '0a44657a984d16172df2223a74252258') in 0.0553605 seconds [static and dynamic dependencies]. Details - ImportResultOutputID=3950e612a0d3414de61b8b237358e072 DependenciesID=255c8a658e2136ba3f44953a1818683a StaticDependenciesID=f1cf4b07d237ddf49b27502ca32d63d1 
Number of updated asset objects reloaded before import = 0Number of asset objects unloaded after import = 16

========================================================================
Received Import Request.
  Time since last request: 0.000051 seconds.
  path: Assets/Joystick Pack/Prefabs/Fixed Joystick.prefab
  importAddress: Guid(aaa2c939c0359ac4dbce3f49e8b90252) Importer(2089858483,b0f066a214c2f5e87bad3c948f4d605d)
Start importing Assets/Joystick Pack/Prefabs/Fixed Joystick.prefab using Guid(aaa2c939c0359ac4dbce3f49e8b90252) Importer(2089858483,b0f066a214c2f5e87bad3c948f4d605d) (ScriptedImporter) -> (Import Result ID: 'e99d7338cf9e1e3f4472f3310c6f6afa') in 0.0326697 seconds [static and dynamic dependencies]. Details - ImportResultOutputID=dcd855d58df5e4f45382f5452b45331f DependenciesID=4045b67aa0860c6489ac96873b53559c StaticDependenciesID=2e2474b1403c98177d330e316c157fd9 
Number of updated asset objects reloaded before import = 0Number of asset objects unloaded after import = 13

========================================================================
Received Import Request.
  Time since last request: 0.000095 seconds.
  path: Assets/TextMesh Pro/Examples & Extras/Scenes/12 - Link Example.unity
  importAddress: Guid(9747140c28254be2adc582210dfb89b8) Importer(2089858483,b0f066a214c2f5e87bad3c948f4d605d)
Start importing Assets/TextMesh Pro/Examples & Extras/Scenes/12 - Link Example.unity using Guid(9747140c28254be2adc582210dfb89b8) Importer(2089858483,b0f066a214c2f5e87bad3c948f4d605d) (ScriptedImporter) -> (Import Result ID: '42b8c1a280ab8831e5eb6b3c471fe1f1') in 0.0251205 seconds [static and dynamic dependencies]. Details - ImportResultOutputID=3c00d6001ab5c199b8de1590ce238fa3 DependenciesID=e4a8cf719650724589c7933a8d56490f StaticDependenciesID=783aa79767af29325d290e419a768f29 
Number of updated asset objects reloaded before import = 0Number of asset objects unloaded after import = 1

========================================================================
Received Import Request.
  Time since last request: 0.000090 seconds.
  path: Assets/TextMesh Pro/Examples & Extras/Scenes/14 - Multi Font & Sprites.unity
  importAddress: Guid(22a2fba786ad4c40ac0ba09f0b933100) Importer(2089858483,b0f066a214c2f5e87bad3c948f4d605d)
Start importing Assets/TextMesh Pro/Examples & Extras/Scenes/14 - Multi Font & Sprites.unity using Guid(22a2fba786ad4c40ac0ba09f0b933100) Importer(2089858483,b0f066a214c2f5e87bad3c948f4d605d) (ScriptedImporter) -> (Import Result ID: '21878607d33c96fb4f5cfec7774dd216') in 0.0232723 seconds [static and dynamic dependencies]. Details - ImportResultOutputID=5cc57bd111d60f28dc2bed5667b878d3 DependenciesID=28dfd1a2fffeefc9586b8973baf15898 StaticDependenciesID=9817f119e4a7c6f1e7402363a686df18 
Number of updated asset objects reloaded before import = 0Number of asset objects unloaded after import = 1

========================================================================
Received Import Request.
  Time since last request: 0.000093 seconds.
  path: Assets/TextMesh Pro/Examples & Extras/Scenes/16 - Linked text overflow mode example.unity
  importAddress: Guid(9442cda25baa4a0bb544c4d095b00caa) Importer(2089858483,b0f066a214c2f5e87bad3c948f4d605d)
Start importing Assets/TextMesh Pro/Examples & Extras/Scenes/16 - Linked text overflow mode example.unity using Guid(9442cda25baa4a0bb544c4d095b00caa) Importer(2089858483,b0f066a214c2f5e87bad3c948f4d605d) (ScriptedImporter) -> (Import Result ID: '8f376d5de86791bb3e2b90fd985ba373') in 0.0232096 seconds [static and dynamic dependencies]. Details - ImportResultOutputID=1f0357566719f19e7959c93298c2f8c9 DependenciesID=4495416527c72385b277082c58909e47 StaticDependenciesID=3535afc5802798302d1051d56ff686ae 
Number of updated asset objects reloaded before import = 0Number of asset objects unloaded after import = 1

========================================================================
Received Import Request.
  Time since last request: 0.000072 seconds.
  path: Assets/TextMesh Pro/Examples & Extras/Scenes/12a - Text Interactions.unity
  importAddress: Guid(08572ab7713642c8a60789750f0bce5c) Importer(2089858483,b0f066a214c2f5e87bad3c948f4d605d)
Start importing Assets/TextMesh Pro/Examples & Extras/Scenes/12a - Text Interactions.unity using Guid(08572ab7713642c8a60789750f0bce5c) Importer(2089858483,b0f066a214c2f5e87bad3c948f4d605d) (ScriptedImporter) -> (Import Result ID: '539f2a5645b384e368224383e56ea136') in 0.0214747 seconds [static and dynamic dependencies]. Details - ImportResultOutputID=cfaa8caec63dc0579b55a6a99d8a8ef3 DependenciesID=f34f5e861a6cb54b404a44c854c4088c StaticDependenciesID=310d7e474cd94cb89012c994d16a29c7 
Number of updated asset objects reloaded before import = 0Number of asset objects unloaded after import = 1

========================================================================
Received Import Request.
  Time since last request: 0.000071 seconds.
  path: Assets/Settings/Mobile_RPAsset.asset
  importAddress: Guid(5e6cbd92db86f4b18aec3ed561671858) Importer(2089858483,b0f066a214c2f5e87bad3c948f4d605d)
Start importing Assets/Settings/Mobile_RPAsset.asset using Guid(5e6cbd92db86f4b18aec3ed561671858) Importer(2089858483,b0f066a214c2f5e87bad3c948f4d605d) (ScriptedImporter) -> (Import Result ID: '0afcd2f2fc80f28ce8b932f4b18f2bb6') in 0.1090992 seconds [static and dynamic dependencies]. Details - ImportResultOutputID=4b3f477e2dcc7ee071db5ffba923fe5e DependenciesID=a74e1884799f3150f49a68e3cda1ae20 StaticDependenciesID=19475edb2c0d5da66da97a0e6f9c50fa 
Number of updated asset objects reloaded before import = 0Number of asset objects unloaded after import = 2

========================================================================
Received Import Request.
  Time since last request: 0.000056 seconds.
  path: Assets/TextMesh Pro/Examples & Extras/Scenes/21 - Script Example.unity
  importAddress: Guid(50f52f9274434ecfb34dd87f0836f323) Importer(2089858483,b0f066a214c2f5e87bad3c948f4d605d)
Start importing Assets/TextMesh Pro/Examples & Extras/Scenes/21 - Script Example.unity using Guid(50f52f9274434ecfb34dd87f0836f323) Importer(2089858483,b0f066a214c2f5e87bad3c948f4d605d) (ScriptedImporter) -> (Import Result ID: '27aaf653e1e2fd2df541b07baffaa455') in 0.0210872 seconds [static and dynamic dependencies]. Details - ImportResultOutputID=f4028f3ae00ec929d5468bb0057c6f23 DependenciesID=068990366247a9abc10492fa7258dda6 StaticDependenciesID=7913ce83fe816fc985e13a1042ad655f 
Number of updated asset objects reloaded before import = 0Number of asset objects unloaded after import = 1

========================================================================
Received Import Request.
  Time since last request: 0.000048 seconds.
  path: Assets/TextMesh Pro/Examples & Extras/Scenes/19 - Masking Texture & Soft Mask.unity
  importAddress: Guid(9abcd5bd764646568a6ea70d00f9264c) Importer(2089858483,b0f066a214c2f5e87bad3c948f4d605d)
Start importing Assets/TextMesh Pro/Examples & Extras/Scenes/19 - Masking Texture & Soft Mask.unity using Guid(9abcd5bd764646568a6ea70d00f9264c) Importer(2089858483,b0f066a214c2f5e87bad3c948f4d605d) (ScriptedImporter) -> (Import Result ID: '194ff486dc4bc0c1c40cf44e90393c17') in 0.0185416 seconds [static and dynamic dependencies]. Details - ImportResultOutputID=f8f5ca948d2bf8ce3210ed9e489e7cdc DependenciesID=22e6b8cacb2eaee43ba97ae83b240d24 StaticDependenciesID=44fd23200067209ce0ee15b104f5bf58 
Number of updated asset objects reloaded before import = 0Number of asset objects unloaded after import = 1

========================================================================
Received Import Request.
  Time since last request: 0.000054 seconds.
  path: Assets/TextMesh Pro/Examples & Extras/Scenes/20 - Input Field with Scrollbar.unity
  importAddress: Guid(337f92480dd24675aae9e79210fb1ad9) Importer(2089858483,b0f066a214c2f5e87bad3c948f4d605d)
Start importing Assets/TextMesh Pro/Examples & Extras/Scenes/20 - Input Field with Scrollbar.unity using Guid(337f92480dd24675aae9e79210fb1ad9) Importer(2089858483,b0f066a214c2f5e87bad3c948f4d605d) (ScriptedImporter) -> (Import Result ID: 'eb571483a7fdbc863cd15f7130bff57a') in 0.0185685 seconds [static and dynamic dependencies]. Details - ImportResultOutputID=0f1a4a8ac5a74b5a423d8d7a05c5dcbb DependenciesID=542f004d1e8b0da800980cddc8f635eb StaticDependenciesID=8ad0de6c9bd6ff5632694365611bf7ff 
Number of updated asset objects reloaded before import = 0Number of asset objects unloaded after import = 1

========================================================================
Received Import Request.
  Time since last request: 0.000058 seconds.
  path: Assets/Joystick Pack/Documentaion.pdf
  importAddress: Guid(cfa813ed406827e43b967abd54ab5b9a) Importer(2089858483,b0f066a214c2f5e87bad3c948f4d605d)
Start importing Assets/Joystick Pack/Documentaion.pdf using Guid(cfa813ed406827e43b967abd54ab5b9a) Importer(2089858483,b0f066a214c2f5e87bad3c948f4d605d) (ScriptedImporter) -> (Import Result ID: 'e25d2a2297fa2769463c66b5ade0374f') in 0.0205438 seconds [static and dynamic dependencies]. Details - ImportResultOutputID=ca5102b4cfa5028e9d4aeaecfd9dd3e0 DependenciesID=166fefbcb757a0b45335ba581f70f999 StaticDependenciesID=cd3ac6e20a737e7bbe1ae2b1876f95f7 
Number of updated asset objects reloaded before import = 0Number of asset objects unloaded after import = 1

========================================================================
Received Import Request.
  Time since last request: 0.000107 seconds.
  path: Assets/Readme.asset
  importAddress: Guid(8105016687592461f977c054a80ce2f2) Importer(2089858483,b0f066a214c2f5e87bad3c948f4d605d)
Start importing Assets/Readme.asset using Guid(8105016687592461f977c054a80ce2f2) Importer(2089858483,b0f066a214c2f5e87bad3c948f4d605d) (ScriptedImporter) -> (Import Result ID: '32ee25a6cb9ec50129fc6c3a1eb9f6d6') in 0.0206682 seconds [static and dynamic dependencies]. Details - ImportResultOutputID=5b8441c241ec1b77b53aade42de18b29 DependenciesID=0334e152013890af7e25953b309a1b16 StaticDependenciesID=aea6e1cd556bfcdd983c43da83a41dd0 
Number of updated asset objects reloaded before import = 0Number of asset objects unloaded after import = 2

========================================================================
Received Import Request.
  Time since last request: 0.000059 seconds.
  path: Assets/textures c/Materials/texture_12.mat
  importAddress: Guid(d01ba580b92d6ab4c988b651bfe19bf2) Importer(2089858483,b0f066a214c2f5e87bad3c948f4d605d)
Start importing Assets/textures c/Materials/texture_12.mat using Guid(d01ba580b92d6ab4c988b651bfe19bf2) Importer(2089858483,b0f066a214c2f5e87bad3c948f4d605d) (ScriptedImporter) -> (Import Result ID: 'e7e4df7248dbffe521fcfa8bd1e98c7f') in 0.0231859 seconds [static and dynamic dependencies]. Details - ImportResultOutputID=65ada4335d3b2fda1bdff08d3de5643d DependenciesID=db2be760723832e680b9f751af17dbc8 StaticDependenciesID=a7a0b09acad7eaa2a2fd201d2f81f705 
Number of updated asset objects reloaded before import = 0Number of asset objects unloaded after import = 2

========================================================================
Received Import Request.
  Time since last request: 0.000066 seconds.
  path: Assets/textures c/Materials/texture_3.mat
  importAddress: Guid(cbf0a0b4fc2be7f419ea7a86927241e3) Importer(2089858483,b0f066a214c2f5e87bad3c948f4d605d)
Start importing Assets/textures c/Materials/texture_3.mat using Guid(cbf0a0b4fc2be7f419ea7a86927241e3) Importer(2089858483,b0f066a214c2f5e87bad3c948f4d605d) (ScriptedImporter) -> (Import Result ID: '29a15f998f7f80d429e2b8c693791e0a') in 0.0240249 seconds [static and dynamic dependencies]. Details - ImportResultOutputID=365f9feca3d0449a9f1d9e9b399709e2 DependenciesID=686d0cfdee8a1933790d5ae3e29c574e StaticDependenciesID=0f55e8e7d17f824d41ec9624a4f9c612 
Number of updated asset objects reloaded before import = 0Number of asset objects unloaded after import = 2

========================================================================
Received Import Request.
  Time since last request: 0.000055 seconds.
  path: Assets/Joystick Pack/Scripts/Editor/FloatingJoystickEditor.cs
  importAddress: Guid(614d06243900d764f9c50b4da2c950a3) Importer(2089858483,b0f066a214c2f5e87bad3c948f4d605d)
Start importing Assets/Joystick Pack/Scripts/Editor/FloatingJoystickEditor.cs using Guid(614d06243900d764f9c50b4da2c950a3) Importer(2089858483,b0f066a214c2f5e87bad3c948f4d605d) (ScriptedImporter) -> (Import Result ID: 'e223582a4cf6032f69b4921a7edda0c9') in 0.0165023 seconds [static and dynamic dependencies]. Details - ImportResultOutputID=a5859796d152a4c92fd5dab6258e2a37 DependenciesID=60cef2211d64af7ab0327665f3c421f6 StaticDependenciesID=939dd048a1d0291cb4f1a65e710e3d49 
Number of updated asset objects reloaded before import = 0Number of asset objects unloaded after import = 0

========================================================================
Received Import Request.
  Time since last request: 0.000071 seconds.
  path: Assets/textures c/Materials/texture_2.mat
  importAddress: Guid(70d861092a921eb4eaf1f8627fdbde80) Importer(2089858483,b0f066a214c2f5e87bad3c948f4d605d)
Start importing Assets/textures c/Materials/texture_2.mat using Guid(70d861092a921eb4eaf1f8627fdbde80) Importer(2089858483,b0f066a214c2f5e87bad3c948f4d605d) (ScriptedImporter) -> (Import Result ID: 'd30af8fb85f540dfd4ed277f8a0f5beb') in 0.0276841 seconds [static and dynamic dependencies]. Details - ImportResultOutputID=e4a1de4fb6f754be5e9ef20c410b56eb DependenciesID=608b2590306c497c5a2d11a65764665e StaticDependenciesID=a128f87d55d56cd3c002eacb270221c6 
Number of updated asset objects reloaded before import = 0Number of asset objects unloaded after import = 2

========================================================================
Received Import Request.
  Time since last request: 0.000030 seconds.
  path: Assets/png-transparent-football-pitch-street-football-athletics-field-graphy-football-field-angle-text-rectangle.png
  importAddress: Guid(2bdda057a4669324c80d05ff5a0fd9bb) Importer(815301076,1909f56bfc062723c751e8b465ee728b)
Start importing Assets/png-transparent-football-pitch-street-football-athletics-field-graphy-football-field-angle-text-rectangle.png using Guid(2bdda057a4669324c80d05ff5a0fd9bb) Importer(815301076,1909f56bfc062723c751e8b465ee728b) (PreviewImporter) -> (Import Result ID: '3e19f9c97b8801d48bc6be8dd2a37032') in 0.0421501 seconds [static and dynamic dependencies]. Details - ImportResultOutputID=1bc97cac38d13a45a3c31e50920a7c8c DependenciesID=35b22f991cd0aed32a387510b7926502 StaticDependenciesID=af8773394360403b1b3de95532aa9412 
Number of updated asset objects reloaded before import = 0Number of asset objects unloaded after import = 2

========================================================================
Received Import Request.
  Time since last request: 0.000038 seconds.
  path: Assets/Cristiano Ronaldo Al Nassr.fbx
  importAddress: Guid(5d6f1d405b13549459c4c67191764541) Importer(815301076,1909f56bfc062723c751e8b465ee728b)
Start importing Assets/Cristiano Ronaldo Al Nassr.fbx using Guid(5d6f1d405b13549459c4c67191764541) Importer(815301076,1909f56bfc062723c751e8b465ee728b) (PreviewImporter) -> (Import Result ID: '30259cbc7876979d81063f8e2454c813') in 6.213489 seconds [static and dynamic dependencies]. Details - ImportResultOutputID=fe6378e06afc2b037b88c352a06061f1 DependenciesID=2cb9b5374f67ebc3c112116877889f55 StaticDependenciesID=d53e1c1ea8a05f5f66a4ff6ea1422c7b 
Number of updated asset objects reloaded before import = 0Number of asset objects unloaded after import = 140

========================================================================
Received Import Request.
  Time since last request: 0.000034 seconds.
  path: Assets/TextMesh Pro/Examples & Extras/Resources/Color Gradient Presets/Blue to Purple - Vertical.asset
  importAddress: Guid(479a66fa4b094512a62b0a8e553ad95a) Importer(2089858483,b0f066a214c2f5e87bad3c948f4d605d)
Start importing Assets/TextMesh Pro/Examples & Extras/Resources/Color Gradient Presets/Blue to Purple - Vertical.asset using Guid(479a66fa4b094512a62b0a8e553ad95a) Importer(2089858483,b0f066a214c2f5e87bad3c948f4d605d) (ScriptedImporter) -> (Import Result ID: '3e90cb172887e07b9af4a09e2ecc8a67') in 0.0149593 seconds [static and dynamic dependencies]. Details - ImportResultOutputID=4614ebe733e5586937ad62a9312952c9 DependenciesID=ec13fd5333333991a63549455bdddf19 StaticDependenciesID=4e3a092b0861809cf4bf3f99dd8eb8da 
Number of updated asset objects reloaded before import = 0Number of asset objects unloaded after import = 1

========================================================================
Received Import Request.
  Time since last request: 0.000084 seconds.
  path: Assets/TextMesh Pro/Examples & Extras/Scenes/25 - Sunny Days Example.unity
  importAddress: Guid(f9b4c22e15cff344ba9fc6542a58dd07) Importer(2089858483,b0f066a214c2f5e87bad3c948f4d605d)
Start importing Assets/TextMesh Pro/Examples & Extras/Scenes/25 - Sunny Days Example.unity using Guid(f9b4c22e15cff344ba9fc6542a58dd07) Importer(2089858483,b0f066a214c2f5e87bad3c948f4d605d) (ScriptedImporter) -> (Import Result ID: 'e6d83fa4db335aed3cb9bbc0dccb7bed') in 0.0122042 seconds [static and dynamic dependencies]. Details - ImportResultOutputID=efdd2f3241a870ac0416364709d2c8b3 DependenciesID=521fddf2e095decbfdfbd5155a1d39ec StaticDependenciesID=bea96e69db350b15a7e56c3b513511c0 
Number of updated asset objects reloaded before import = 0Number of asset objects unloaded after import = 1

========================================================================
Received Import Request.
  Time since last request: 0.000035 seconds.
  path: Assets/TextMesh Pro/Examples & Extras/Resources/Fonts & Materials/LiberationSans SDF - Metalic Green.mat
  importAddress: Guid(8b29aaa3eec7468097ff07adfcf29ac9) Importer(2089858483,b0f066a214c2f5e87bad3c948f4d605d)
Start importing Assets/TextMesh Pro/Examples & Extras/Resources/Fonts & Materials/LiberationSans SDF - Metalic Green.mat using Guid(8b29aaa3eec7468097ff07adfcf29ac9) Importer(2089858483,b0f066a214c2f5e87bad3c948f4d605d) (ScriptedImporter) -> (Import Result ID: 'a45858522600ceea6c7e9199f7a378a9') in 0.0298035 seconds [static and dynamic dependencies]. Details - ImportResultOutputID=325a5f1e406754d5aa40624591a02ff6 DependenciesID=824ed184b0fec28dfbae8ec335dbab7e StaticDependenciesID=e0d07112f7be71aa9e03ac8f627cd6f1 
Number of updated asset objects reloaded before import = 0Number of asset objects unloaded after import = 4

========================================================================
Received Import Request.
  Time since last request: 0.000050 seconds.
  path: Assets/TextMesh Pro/Examples & Extras/Textures/Floor Tiles 1 - diffuse.jpg
  importAddress: Guid(85ac55597b97403c82fc6601a93cf241) Importer(2089858483,b0f066a214c2f5e87bad3c948f4d605d)
Start importing Assets/TextMesh Pro/Examples & Extras/Textures/Floor Tiles 1 - diffuse.jpg using Guid(85ac55597b97403c82fc6601a93cf241) Importer(2089858483,b0f066a214c2f5e87bad3c948f4d605d) (ScriptedImporter) -> (Import Result ID: '8dd19e5a0f9006a85faad882e5fb8424') in 0.0177566 seconds [static and dynamic dependencies]. Details - ImportResultOutputID=52a7c630602f500cd9a6fff279ec8998 DependenciesID=c97d6e9385ad5c28ce7056135a201719 StaticDependenciesID=a1c73e8632467aa7b25967b1fd61cb4f 
Number of updated asset objects reloaded before import = 0Number of asset objects unloaded after import = 1

========================================================================
Received Import Request.
  Time since last request: 0.000025 seconds.
  path: Assets/Joystick Pack/Examples/Example Scene.unity
  importAddress: Guid(414bddd31c5ea4f4c9f5d1452e5bbb41) Importer(2089858483,b0f066a214c2f5e87bad3c948f4d605d)
Start importing Assets/Joystick Pack/Examples/Example Scene.unity using Guid(414bddd31c5ea4f4c9f5d1452e5bbb41) Importer(2089858483,b0f066a214c2f5e87bad3c948f4d605d) (ScriptedImporter) -> (Import Result ID: 'cb9a0871fc0d8108223a5fba1ba228c6') in 0.0163592 seconds [static and dynamic dependencies]. Details - ImportResultOutputID=57d51d414be3b9e3f51ea77ba6242f84 DependenciesID=284c31f92fa05adae99c6f4f3794be22 StaticDependenciesID=f24b421324a6fd9c08eded7f475cb5e2 
Number of updated asset objects reloaded before import = 0Number of asset objects unloaded after import = 1

========================================================================
Received Import Request.
  Time since last request: 0.000034 seconds.
  path: Assets/TextMesh Pro/Examples & Extras/Scripts/Benchmark03.cs
  importAddress: Guid(a73109742c8d47ac822895a473300c29) Importer(2089858483,b0f066a214c2f5e87bad3c948f4d605d)
Start importing Assets/TextMesh Pro/Examples & Extras/Scripts/Benchmark03.cs using Guid(a73109742c8d47ac822895a473300c29) Importer(2089858483,b0f066a214c2f5e87bad3c948f4d605d) (ScriptedImporter) -> (Import Result ID: 'f2c3b93c679ac4c428290f41c50b5364') in 0.0145709 seconds [static and dynamic dependencies]. Details - ImportResultOutputID=ea97ae5b00d9bf904d75320cea745904 DependenciesID=e3f873fea9ec33982197571e78ce21d3 StaticDependenciesID=2664abffca018359daf6d755e163a85a 
Number of updated asset objects reloaded before import = 0Number of asset objects unloaded after import = 0

========================================================================
Received Import Request.
  Time since last request: 0.000066 seconds.
  path: Assets/TextMesh Pro/Examples & Extras/Materials/Crate - URP.mat
  importAddress: Guid(3b5cc91c3bf8cf74391252247f52fb59) Importer(2089858483,b0f066a214c2f5e87bad3c948f4d605d)
Start importing Assets/TextMesh Pro/Examples & Extras/Materials/Crate - URP.mat using Guid(3b5cc91c3bf8cf74391252247f52fb59) Importer(2089858483,b0f066a214c2f5e87bad3c948f4d605d) (ScriptedImporter) -> (Import Result ID: 'fdde88d573057da18a98cd1bdd177f2f') in 0.0175513 seconds [static and dynamic dependencies]. Details - ImportResultOutputID=17ff32396d6053b375c68e87920a98d8 DependenciesID=1fb62e88c3f25414e9eba432208eed1f StaticDependenciesID=562d8c0541eca7974b7663dc516edd06 
Number of updated asset objects reloaded before import = 0Number of asset objects unloaded after import = 3

========================================================================
Received Import Request.
  Time since last request: 0.000034 seconds.
  path: Assets/TextMesh Pro/Examples & Extras/Scripts/TMP_TextEventHandler.cs
  importAddress: Guid(1312ae25639a4bae8e25ae223209cc50) Importer(2089858483,b0f066a214c2f5e87bad3c948f4d605d)
Start importing Assets/TextMesh Pro/Examples & Extras/Scripts/TMP_TextEventHandler.cs using Guid(1312ae25639a4bae8e25ae223209cc50) Importer(2089858483,b0f066a214c2f5e87bad3c948f4d605d) (ScriptedImporter) -> (Import Result ID: 'a8a8e2d664aee0781b695d18e76ba289') in 0.0121795 seconds [static and dynamic dependencies]. Details - ImportResultOutputID=3878fcfe1be1d23a67c1b330209903b8 DependenciesID=9a0462057a74dbafe2297a1da3d3f2f9 StaticDependenciesID=9128289a706bc8293a930d245222330f 
Number of updated asset objects reloaded before import = 0Number of asset objects unloaded after import = 0

========================================================================
Received Import Request.
  Time since last request: 0.000037 seconds.
  path: Assets/TextMesh Pro/Shaders/TMP_SDF-HDRP UNLIT.shadergraph
  importAddress: Guid(f63d574838ccfb44f84acc05fed0af48) Importer(2089858483,b0f066a214c2f5e87bad3c948f4d605d)
Start importing Assets/TextMesh Pro/Shaders/TMP_SDF-HDRP UNLIT.shadergraph using Guid(f63d574838ccfb44f84acc05fed0af48) Importer(2089858483,b0f066a214c2f5e87bad3c948f4d605d) (ScriptedImporter) -> (Import Result ID: '1d2530d103ee13237eac9b9d9e93acbc') in 0.026879 seconds [static and dynamic dependencies]. Details - ImportResultOutputID=5fc6c46e882979a2568e3f5783596112 DependenciesID=5d80eade8f3ba71b3349bcc94ff3941a StaticDependenciesID=76664a18f50202a4e669f6b3997590d2 
Number of updated asset objects reloaded before import = 0Number of asset objects unloaded after import = 3

========================================================================
Received Import Request.
  Time since last request: 0.000079 seconds.
  path: Assets/TextMesh Pro/Examples & Extras/Scenes/13 - Soft Hyphenation.unity
  importAddress: Guid(875684baf40f4d008ce806d03e2a81b2) Importer(2089858483,b0f066a214c2f5e87bad3c948f4d605d)
Start importing Assets/TextMesh Pro/Examples & Extras/Scenes/13 - Soft Hyphenation.unity using Guid(875684baf40f4d008ce806d03e2a81b2) Importer(2089858483,b0f066a214c2f5e87bad3c948f4d605d) (ScriptedImporter) -> (Import Result ID: '339d783bd88e40e2c7908b6f3055dd27') in 0.0128149 seconds [static and dynamic dependencies]. Details - ImportResultOutputID=5c14f76e25e6963362a67bb639e9413f DependenciesID=c4cd0752d793ea9c41da08f61d7a9453 StaticDependenciesID=8b22a603b95319b51179f73ca79b9eb2 
Number of updated asset objects reloaded before import = 0Number of asset objects unloaded after import = 1

========================================================================
Received Import Request.
  Time since last request: 0.000026 seconds.
  path: Assets/textures c/texture_4.png
  importAddress: Guid(d731dda93ebb03d47b2ff1bb4436bb74) Importer(2089858483,b0f066a214c2f5e87bad3c948f4d605d)
Start importing Assets/textures c/texture_4.png using Guid(d731dda93ebb03d47b2ff1bb4436bb74) Importer(2089858483,b0f066a214c2f5e87bad3c948f4d605d) (ScriptedImporter) -> (Import Result ID: '47cdd1091c90278d5734148fee116119') in 0.0145881 seconds [static and dynamic dependencies]. Details - ImportResultOutputID=50080759dd719d3bcc2766c315f1721c DependenciesID=8f8e9ad005f8d300b471d2be77e866be StaticDependenciesID=7b3eecccacc5e653fc45a1a1f27a1e7c 
Number of updated asset objects reloaded before import = 0Number of asset objects unloaded after import = 1

========================================================================
Received Import Request.
  Time since last request: 0.000045 seconds.
  path: Assets/TextMesh Pro/Examples & Extras/Resources/Fonts & Materials/Unity SDF - HDRP LIT - Bloom.mat
  importAddress: Guid(8d176c01131de8f46ad61094e29d79b2) Importer(2089858483,b0f066a214c2f5e87bad3c948f4d605d)
Start importing Assets/TextMesh Pro/Examples & Extras/Resources/Fonts & Materials/Unity SDF - HDRP LIT - Bloom.mat using Guid(8d176c01131de8f46ad61094e29d79b2) Importer(2089858483,b0f066a214c2f5e87bad3c948f4d605d) (ScriptedImporter) -> (Import Result ID: 'abdc8b28f235f4f93cd52c12c6606e14') in 0.0268087 seconds [static and dynamic dependencies]. Details - ImportResultOutputID=1261deb8ee305c2b61d1af0aa8e7baf7 DependenciesID=44e1f9635cca29a5a7551037866c1312 StaticDependenciesID=cf95fe13d7bcfd54ac3c2b4d1aee7256 
Number of updated asset objects reloaded before import = 0Number of asset objects unloaded after import = 3

========================================================================
Received Import Request.
  Time since last request: 0.000046 seconds.
  path: Assets/SkyMaterial.mat
  importAddress: Guid(29b654c54a3602047b376996fbe8b2b4) Importer(815301076,1909f56bfc062723c751e8b465ee728b)
Start importing Assets/SkyMaterial.mat using Guid(29b654c54a3602047b376996fbe8b2b4) Importer(815301076,1909f56bfc062723c751e8b465ee728b) (PreviewImporter) -> (Import Result ID: 'd529f1c06eefc497228990707d90adf7') in 0.0580911 seconds [static and dynamic dependencies]. Details - ImportResultOutputID=2e44aaaa5ac86cbf649b0efb6d86d006 DependenciesID=13412088a724b8407a619b110a4d7d99 StaticDependenciesID=b7f53debb750384180a2daa176424288 
Number of updated asset objects reloaded before import = 0Number of asset objects unloaded after import = 2

========================================================================
Received Import Request.
  Time since last request: 0.000028 seconds.
  path: Assets/TextMesh Pro/Examples & Extras/Scenes/24 - Surface Shader Example.unity
  importAddress: Guid(8c4969fd8ba94a68b07cf11f3e7a5137) Importer(2089858483,b0f066a214c2f5e87bad3c948f4d605d)
Start importing Assets/TextMesh Pro/Examples & Extras/Scenes/24 - Surface Shader Example.unity using Guid(8c4969fd8ba94a68b07cf11f3e7a5137) Importer(2089858483,b0f066a214c2f5e87bad3c948f4d605d) (ScriptedImporter) -> (Import Result ID: 'd00680f660ae873cced6d2ba041ac728') in 0.0171413 seconds [static and dynamic dependencies]. Details - ImportResultOutputID=db113690b8bf87d7a7dcb61584b18ba1 DependenciesID=90ccf258ec4462180d19376939c6681e StaticDependenciesID=6be887906382fdcd7d881f2db52569fb 
Number of updated asset objects reloaded before import = 0Number of asset objects unloaded after import = 1

========================================================================
Received Import Request.
  Time since last request: 0.000045 seconds.
  path: Assets/Joystick Pack/Examples/JoystickPlayerExample.cs
  importAddress: Guid(a37d705c8e9115e439ec799186182634) Importer(2089858483,b0f066a214c2f5e87bad3c948f4d605d)
Start importing Assets/Joystick Pack/Examples/JoystickPlayerExample.cs using Guid(a37d705c8e9115e439ec799186182634) Importer(2089858483,b0f066a214c2f5e87bad3c948f4d605d) (ScriptedImporter) -> (Import Result ID: '8eeeabe475b94aabdd861ae8ca0447ec') in 0.0130197 seconds [static and dynamic dependencies]. Details - ImportResultOutputID=c97b0c9fc34d684addf11e129f8d2b19 DependenciesID=5816ca69c82191c2c3fd2785da079d9d StaticDependenciesID=f9de3e1b6e6c20afab1a314e121d0874 
Number of updated asset objects reloaded before import = 0Number of asset objects unloaded after import = 0

========================================================================
Received Import Request.
  Time since last request: 0.000075 seconds.
  path: Assets/textures c/texture_3.png
  importAddress: Guid(b6f84b16baae40b4baeb5ef429c91e77) Importer(2089858483,b0f066a214c2f5e87bad3c948f4d605d)
Start importing Assets/textures c/texture_3.png using Guid(b6f84b16baae40b4baeb5ef429c91e77) Importer(2089858483,b0f066a214c2f5e87bad3c948f4d605d) (ScriptedImporter) -> (Import Result ID: 'bdf330fed8e5311e0f29810a3d5aa8c4') in 0.0192171 seconds [static and dynamic dependencies]. Details - ImportResultOutputID=e2c7f6c63d521e85a557aa7d5020deb6 DependenciesID=b5e9fc3f00ac286e368e11eb3bb966e0 StaticDependenciesID=9e47b091b4ce9c938a61f8c93d206843 
Number of updated asset objects reloaded before import = 0Number of asset objects unloaded after import = 1

========================================================================
Received Import Request.
  Time since last request: 0.000032 seconds.
  path: Assets/TextMesh Pro/Shaders/TMP_Sprite.shader
  importAddress: Guid(cf81c85f95fe47e1a27f6ae460cf182c) Importer(2089858483,b0f066a214c2f5e87bad3c948f4d605d)
Start importing Assets/TextMesh Pro/Shaders/TMP_Sprite.shader using Guid(cf81c85f95fe47e1a27f6ae460cf182c) Importer(2089858483,b0f066a214c2f5e87bad3c948f4d605d) (ScriptedImporter) -> (Import Result ID: '175fb18cff1e3f12f961ce9db388345d') in 0.0150061 seconds [static and dynamic dependencies]. Details - ImportResultOutputID=3db0dfd40a5b4e64d26e77f98dd63e85 DependenciesID=fd25dbe7ec0306ade7312a98820a00f3 StaticDependenciesID=a81e5bd42182df2690e5bdad867634f4 
Number of updated asset objects reloaded before import = 0Number of asset objects unloaded after import = 1

========================================================================
Received Import Request.
  Time since last request: 0.000031 seconds.
  path: Assets/Cristiano Ronaldo Al Nassr@Soccer Penalty Kick.fbx
  importAddress: Guid(30616257a96cb4a428c7ebbff83b1f56) Importer(815301076,1909f56bfc062723c751e8b465ee728b)
Start importing Assets/Cristiano Ronaldo Al Nassr@Soccer Penalty Kick.fbx using Guid(30616257a96cb4a428c7ebbff83b1f56) Importer(815301076,1909f56bfc062723c751e8b465ee728b) (PreviewImporter) -> (Import Result ID: '755d2eccd1d659efc5d6b009a5e38796') in 0.0319924 seconds [static and dynamic dependencies]. Details - ImportResultOutputID=d0b0a5e682ce8a0f75a8a8913b455e21 DependenciesID=a523ed74e0bb6005d1b7900f9c55b105 StaticDependenciesID=090616c0f5ad0026b04d6aab56161d60 
Number of updated asset objects reloaded before import = 0Number of asset objects unloaded after import = 118

========================================================================
Received Import Request.
  Time since last request: 0.000035 seconds.
  path: Assets/Joystick Pack/Sprites/Horizontal Backgrounds/Horizontal_Plain_Arrows.png
  importAddress: Guid(c8585b68a92b5d440992ddd7d1b1a3d6) Importer(2089858483,b0f066a214c2f5e87bad3c948f4d605d)
Start importing Assets/Joystick Pack/Sprites/Horizontal Backgrounds/Horizontal_Plain_Arrows.png using Guid(c8585b68a92b5d440992ddd7d1b1a3d6) Importer(2089858483,b0f066a214c2f5e87bad3c948f4d605d) (ScriptedImporter) -> (Import Result ID: '0190eb103e1206d7d0b7fb7c00c19ef0') in 0.0161576 seconds [static and dynamic dependencies]. Details - ImportResultOutputID=d0a95dd71ba6f199a42e33d463e203a9 DependenciesID=431195785e08fc672173d4bc491fca29 StaticDependenciesID=bdfba0fa512acd92e0e44861bec05f16 
Number of updated asset objects reloaded before import = 0Number of asset objects unloaded after import = 3

========================================================================
Received Import Request.
  Time since last request: 0.000033 seconds.
  path: Assets/TextMesh Pro/Shaders/TMP_Bitmap-Mobile.shader
  importAddress: Guid(1e3b057af24249748ff873be7fafee47) Importer(2089858483,b0f066a214c2f5e87bad3c948f4d605d)
Start importing Assets/TextMesh Pro/Shaders/TMP_Bitmap-Mobile.shader using Guid(1e3b057af24249748ff873be7fafee47) Importer(2089858483,b0f066a214c2f5e87bad3c948f4d605d) (ScriptedImporter) -> (Import Result ID: '494fe0b48aba66b4acf9b30bd6c68abe') in 0.0143441 seconds [static and dynamic dependencies]. Details - ImportResultOutputID=33e559b50f9a0223e48fae43591e7afc DependenciesID=bb78558fe1c79297f1713e000b39bc75 StaticDependenciesID=ba05bf65226584121c1346f54df493db 
Number of updated asset objects reloaded before import = 0Number of asset objects unloaded after import = 1

========================================================================
Received Import Request.
  Time since last request: 0.000043 seconds.
  path: Assets/TextMesh Pro/Shaders/TMP_SDF SSD.shader
  importAddress: Guid(14eb328de4b8eb245bb7cea29e4ac00b) Importer(2089858483,b0f066a214c2f5e87bad3c948f4d605d)
Start importing Assets/TextMesh Pro/Shaders/TMP_SDF SSD.shader using Guid(14eb328de4b8eb245bb7cea29e4ac00b) Importer(2089858483,b0f066a214c2f5e87bad3c948f4d605d) (ScriptedImporter) -> (Import Result ID: '68e0424098e5ba006f6c07750dc1c4a6') in 0.016154 seconds [static and dynamic dependencies]. Details - ImportResultOutputID=cf24bf8e3e4acaa1e3a802dc6b6df7b5 DependenciesID=215dd8e1f94f1126ba87678cb99ef4ce StaticDependenciesID=8dab4151aa6bd08630c2d16ff94a2c92 
Number of updated asset objects reloaded before import = 0Number of asset objects unloaded after import = 1

========================================================================
Received Import Request.
  Time since last request: 0.000049 seconds.
  path: Assets/textures/CZE_PRAGUE_EDEN-ARENA_S.png
  importAddress: Guid(9d97d5422ff8da849b8baf5f47f0a119) Importer(2089858483,b0f066a214c2f5e87bad3c948f4d605d)
Start importing Assets/textures/CZE_PRAGUE_EDEN-ARENA_S.png using Guid(9d97d5422ff8da849b8baf5f47f0a119) Importer(2089858483,b0f066a214c2f5e87bad3c948f4d605d) (ScriptedImporter) -> (Import Result ID: '5a4cc2e1ed4d53af2180180d4c179185') in 0.0253661 seconds [static and dynamic dependencies]. Details - ImportResultOutputID=b24c4929963a429c4d0230e82488fb04 DependenciesID=a3fc398af00556639012f8fa89b78037 StaticDependenciesID=a43146441ae9af826383e7dcc642bccd 
Number of updated asset objects reloaded before import = 0Number of asset objects unloaded after import = 1

========================================================================
Received Import Request.
  Time since last request: 0.000022 seconds.
  path: Assets/TextMesh Pro/Examples & Extras/Fonts/Electronic Highway Sign.TTF
  importAddress: Guid(8a2b9e2a607dd2143b58c44bc32410b4) Importer(2089858483,b0f066a214c2f5e87bad3c948f4d605d)
Start importing Assets/TextMesh Pro/Examples & Extras/Fonts/Electronic Highway Sign.TTF using Guid(8a2b9e2a607dd2143b58c44bc32410b4) Importer(2089858483,b0f066a214c2f5e87bad3c948f4d605d) (ScriptedImporter) -> (Import Result ID: '66a86bd147792098c78a17d3a38bf1c1') in 0.0151543 seconds [static and dynamic dependencies]. Details - ImportResultOutputID=2852b694a9ee99215176e21fbaee7ed2 DependenciesID=2c712c4cc6bb86c94c714d8f30eebe9a StaticDependenciesID=3d129efdb76da888b9de9110c0cf39b9 
Number of updated asset objects reloaded before import = 0Number of asset objects unloaded after import = 3

========================================================================
Received Import Request.
  Time since last request: 0.000040 seconds.
  path: Assets/TextMesh Pro/Shaders/TMP_SDF Overlay.shader
  importAddress: Guid(dd89cf5b9246416f84610a006f916af7) Importer(2089858483,b0f066a214c2f5e87bad3c948f4d605d)
Start importing Assets/TextMesh Pro/Shaders/TMP_SDF Overlay.shader using Guid(dd89cf5b9246416f84610a006f916af7) Importer(2089858483,b0f066a214c2f5e87bad3c948f4d605d) (ScriptedImporter) -> (Import Result ID: '64d6c42696944cbf7b1eecdd282efe4a') in 0.012503 seconds [static and dynamic dependencies]. Details - ImportResultOutputID=e596e06d785140a313a9dfea6c546a5f DependenciesID=56bdc6073553dd30b3a4bb55d42cc663 StaticDependenciesID=086b5680e33efca1bae2e5551aec11b8 
Number of updated asset objects reloaded before import = 0Number of asset objects unloaded after import = 1

========================================================================
Received Import Request.
  Time since last request: 0.000039 seconds.
  path: Assets/TextMesh Pro/Examples & Extras/Textures/Gradient Vertical (Color).jpg
  importAddress: Guid(03d0538de6e24c0f819bfc9ce084dfa9) Importer(2089858483,b0f066a214c2f5e87bad3c948f4d605d)
Start importing Assets/TextMesh Pro/Examples & Extras/Textures/Gradient Vertical (Color).jpg using Guid(03d0538de6e24c0f819bfc9ce084dfa9) Importer(2089858483,b0f066a214c2f5e87bad3c948f4d605d) (ScriptedImporter) -> (Import Result ID: '3fcea35a701ed6315c36d4d29424937e') in 0.0172267 seconds [static and dynamic dependencies]. Details - ImportResultOutputID=4b7918d82a0225612e81a1519541e6c0 DependenciesID=9ae59bc17fe610690b8d32ce091b281f StaticDependenciesID=77a21e41cf77f67bdc28ff230c4593c0 
Number of updated asset objects reloaded before import = 0Number of asset objects unloaded after import = 1

========================================================================
Received Import Request.
  Time since last request: 0.000044 seconds.
  path: Assets/TextMesh Pro/Resources/TMP Settings.asset
  importAddress: Guid(3f5b5dff67a942289a9defa416b206f3) Importer(2089858483,b0f066a214c2f5e87bad3c948f4d605d)
Start importing Assets/TextMesh Pro/Resources/TMP Settings.asset using Guid(3f5b5dff67a942289a9defa416b206f3) Importer(2089858483,b0f066a214c2f5e87bad3c948f4d605d) (ScriptedImporter) -> (Import Result ID: '2d819710338278a461abb2cd1dc6c6b0') in 0.0311299 seconds [static and dynamic dependencies]. Details - ImportResultOutputID=5b613742880829969fb7f54aa23ee265 DependenciesID=916a91fe0bfe0cce19f3ffce85d0a874 StaticDependenciesID=c8804b8a5531bf9630cbb1cba09eb58a 
Number of updated asset objects reloaded before import = 0Number of asset objects unloaded after import = 12

========================================================================
Received Import Request.
  Time since last request: 0.000031 seconds.
  path: Assets/CameraFollow.cs
  importAddress: Guid(eb324e9ed3742334b9253fac40a3427d) Importer(2089858483,b0f066a214c2f5e87bad3c948f4d605d)
Start importing Assets/CameraFollow.cs using Guid(eb324e9ed3742334b9253fac40a3427d) Importer(2089858483,b0f066a214c2f5e87bad3c948f4d605d) (ScriptedImporter) -> (Import Result ID: 'ef87dd97a58f4e8e8362b11726e8b42f') in 0.0140102 seconds [static and dynamic dependencies]. Details - ImportResultOutputID=2b6ab5992c2e4e79a6af69a2eae47b6e DependenciesID=430ef20b37d8846d88431c202e48b679 StaticDependenciesID=ac74c66933908e01e69786e12a3bdd2b 
Number of updated asset objects reloaded before import = 0Number of asset objects unloaded after import = 0

========================================================================
Received Import Request.
  Time since last request: 0.000039 seconds.
  path: Assets/TextMesh Pro/Examples & Extras/Resources/Sprite Assets/DropCap Numbers.asset
  importAddress: Guid(14aa93acbb234d16aaef0e8b46814db6) Importer(2089858483,b0f066a214c2f5e87bad3c948f4d605d)
Start importing Assets/TextMesh Pro/Examples & Extras/Resources/Sprite Assets/DropCap Numbers.asset using Guid(14aa93acbb234d16aaef0e8b46814db6) Importer(2089858483,b0f066a214c2f5e87bad3c948f4d605d) (ScriptedImporter) -> (Import Result ID: 'f0eb01131012fb04f3554296ec76edc4') in 0.0242037 seconds [static and dynamic dependencies]. Details - ImportResultOutputID=1cfa0aebcab3753c3db96761e76e8e71 DependenciesID=e2da0bdbc1d3deae847356f452c900d5 StaticDependenciesID=0f6ababec02d596392a3e75ab32c13ca 
Number of updated asset objects reloaded before import = 0Number of asset objects unloaded after import = 3

========================================================================
Received Import Request.
  Time since last request: 0.000043 seconds.
  path: Assets/textures c/Materials/texture_1.mat
  importAddress: Guid(6dec97a9186e9a943b34e10a449c8c14) Importer(2089858483,b0f066a214c2f5e87bad3c948f4d605d)
Start importing Assets/textures c/Materials/texture_1.mat using Guid(6dec97a9186e9a943b34e10a449c8c14) Importer(2089858483,b0f066a214c2f5e87bad3c948f4d605d) (ScriptedImporter) -> (Import Result ID: 'fb0c7548cfb5bc3f38b1f92a0ccf4faf') in 0.0204002 seconds [static and dynamic dependencies]. Details - ImportResultOutputID=0cef75d201a0fa19e279bd797722f66c DependenciesID=30cb28d3308f24e191297bd2669e7d80 StaticDependenciesID=6fc1f75508dde2b7890ea84ebe879208 
Number of updated asset objects reloaded before import = 0Number of asset objects unloaded after import = 2

